<?xml version="1.0" encoding="UTF-8"?>
<testsuite xmlns:xsi="http://www.w3.org/2001/XMLSchema-instance" xsi:noNamespaceSchemaLocation="https://maven.apache.org/surefire/maven-surefire-plugin/xsd/surefire-test-report.xsd" name="com.patarw.blog.BlogApplicationTests" time="15.07" tests="2" errors="0" skipped="0" failures="0">
  <properties>
[...]
</properties>
  <testcase name="contextLoad" classname="com.patarw.blog.BlogApplicationTests" time="0.819"/>
  <testcase name="contextLoads" classname="com.patarw.blog.BlogApplicationTests" time="0"/>
</testsuite>